Power: ON Mode: COLD Fan: 3

Send with:
    uint64_t tRawData[]={0x20002018F747C3, 0x7A01002000};
    IrSender.sendPulseDistanceWidthFromArray(38, 9000, 4550, 550, 1750, 550, 650, &tRawData[0], 104, PROTOCOL_IS_LSB_FIRST, <RepeatPeriodMillis>, <numberOfRepeats>);

Send with:
    uint64_t tRawData[]={0x20002018F74FC3, 0x8100002000};
    IrSender.sendPulseDistanceWidthFromArray(38, 9100, 4450, 600, 1700, 600, 600, &tRawData[0], 104, PROTOCOL_IS_LSB_FIRST, <RepeatPeriodMillis>, <numberOfRepeats>);

Send with:
    uint64_t tRawData[]={0x20002018F757C3, 0x8900002000};
    IrSender.sendPulseDistanceWidthFromArray(38, 9000, 4550, 550, 1750, 550, 650, &tRawData[0], 104, PROTOCOL_IS_LSB_FIRST, <RepeatPeriodMillis>, <numberOfRepeats>);


Send with:
    uint64_t tRawData[]={0x20002018F75FC3, 0x9100002000};
    IrSender.sendPulseDistanceWidthFromArray(38, 9100, 4450, 600, 1700, 600, 600, &tRawData[0], 104, PROTOCOL_IS_LSB_FIRST, <RepeatPeriodMillis>, <numberOfRepeats>);

Send with:
    uint64_t tRawData[]={0x20002018F767C3, 0x9900002000};
    IrSender.sendPulseDistanceWidthFromArray(38, 9050, 4500, 600, 1700, 600, 600, &tRawData[0], 104, PROTOCOL_IS_LSB_FIRST, <RepeatPeriodMillis>, <numberOfRepeats>);

Send with:
    uint64_t tRawData[]={0x20002018F76FC3, 0xA100002000};
    IrSender.sendPulseDistanceWidthFromArray(38, 9100, 4450, 600, 1700, 600, 600, &tRawData[0], 104, PROTOCOL_IS_LSB_FIRST, <RepeatPeriodMillis>, <numberOfRepeats>);

Send with:
    uint64_t tRawData[]={0x20002018F777C3, 0xA900002000};
    IrSender.sendPulseDistanceWidthFromArray(38, 9100, 4450, 600, 1700, 600, 600, &tRawData[0], 104, PROTOCOL_IS_LSB_FIRST, <RepeatPeriodMillis>, <numberOfRepeats>);

Send with:
    uint64_t tRawData[]={0x20002018F77FC3, 0xB100002000};
    IrSender.sendPulseDistanceWidthFromArray(38, 9050, 4500, 600, 1700, 600, 600, &tRawData[0], 104, PROTOCOL_IS_LSB_FIRST, <RepeatPeriodMillis>, <numberOfRepeats>);

Send with:
    uint64_t tRawData[]={0x20002018F787C3, 0xB900002000};
    IrSender.sendPulseDistanceWidthFromArray(38, 9050, 4450, 600, 1700, 600, 600, &tRawData[0], 104, PROTOCOL_IS_LSB_FIRST, <RepeatPeriodMillis>, <numberOfRepeats>);

Send with:
    uint64_t tRawData[]={0x20002018F78FC3, 0xC100002000};
    IrSender.sendPulseDistanceWidthFromArray(38, 9000, 4500, 550, 1750, 550, 650, &tRawData[0], 104, PROTOCOL_IS_LSB_FIRST, <RepeatPeriodMillis>, <numberOfRepeats>);

Send with:
    uint64_t tRawData[]={0x20002018F797C3, 0xC900002000};
    IrSender.sendPulseDistanceWidthFromArray(38, 9100, 4450, 600, 1700, 600, 600, &tRawData[0], 104, PROTOCOL_IS_LSB_FIRST, <RepeatPeriodMillis>, <numberOfRepeats>);


Send with:
    uint64_t tRawData[]={0x20002018F79FC3, 0xD100002000};
    IrSender.sendPulseDistanceWidthFromArray(38, 9100, 4450, 600, 1700, 600, 600, &tRawData[0], 104, PROTOCOL_IS_LSB_FIRST, <RepeatPeriodMillis>, <numberOfRepeats>);


Send with:
    uint64_t tRawData[]={0x20002018F7A7C3, 0xD900002000};
    IrSender.sendPulseDistanceWidthFromArray(38, 9050, 4500, 600, 1700, 600, 600, &tRawData[0], 104, PROTOCOL_IS_LSB_FIRST, <RepeatPeriodMillis>, <numberOfRepeats>);

Send with:
    uint64_t tRawData[]={0x20002018F7AFC3, 0xE100002000};
    IrSender.sendPulseDistanceWidthFromArray(38, 9100, 4450, 600, 1700, 600, 600, &tRawData[0], 104, PROTOCOL_IS_LSB_FIRST, <RepeatPeriodMillis>, <numberOfRepeats>);

Send with:
    uint64_t tRawData[]={0x20002018F7B7C3, 0xE900002000};
    IrSender.sendPulseDistanceWidthFromArray(38, 9000, 4500, 550, 1700, 550, 600, &tRawData[0], 104, PROTOCOL_IS_LSB_FIRST, <RepeatPeriodMillis>, <numberOfRepeats>);

